<?xml version="1.0" encoding="UTF-8"?>
<!-- Generated by org.testng.reporters.JUnitReportReporter -->
<testsuite skipped="0" hostname="USER-20150204RL" name="com.End.LoginTest" tests="2" failures="0" timestamp="07 十一月 2017 16:10:59 GMT" time="22.079" errors="0">
  <testcase name="loginTest" time="13.949" classname="com.End.LoginTest"/>
  <testcase name="failLogin" time="8.130" classname="com.End.LoginTest"/>
</testsuite> <!-- com.End.LoginTest -->
